<?xml version="1.0" encoding="UTF-8"?>
<!-- Generated by org.testng.reporters.JUnitReportReporter -->
<testsuite hostname="DESKTOP-FD4QRKI" failures="0" tests="1" name="com.BookTest.AddBookToCartTest" time="17.913" errors="0" timestamp="2022-06-02T10:07:46 IST" skipped="0">
  <testcase classname="com.BookTest.AddBookToCartTest" name="addBookToCart" time="17.913"/>
  <system-out/>
</testsuite> <!-- com.BookTest.AddBookToCartTest -->
