<?xml version="1.0" encoding="UTF-8"?>
<!-- Generated by org.testng.reporters.JUnitReportReporter -->
<testsuite hostname="DESKTOP-FD4QRKI" failures="0" tests="1" name="com.BookTest.AddBookToCartTest" time="20.564" errors="0" timestamp="2022-06-01T22:21:07 IST" skipped="0">
  <testcase classname="com.BookTest.AddBookToCartTest" name="addBookToCart" time="20.564"/>
  <system-out/>
</testsuite> <!-- com.BookTest.AddBookToCartTest -->
